<?xml version="1.0" encoding="UTF-8"?>
<!-- Generated by org.testng.reporters.JUnitReportReporter -->
<testsuite hostname="21AK22-COM" failures="0" tests="3" name="java4.TestLogin" time="8.764" errors="0" timestamp="23 thg 4 2021 14:53:43 GMT" skipped="0">
  <testcase classname="java4.TestLogin" name="TestLogin_true" time="4.717"/>
  <testcase classname="java4.TestLogin" name="TestLogin_false" time="2.114"/>
  <testcase classname="java4.TestLogin" name="TestLogin_null" time="1.933"/>
</testsuite> <!-- java4.TestLogin -->
